INFO:werkzeug:[31m[1mWARNING: This is a development server. Do not use it in a production deployment. Use a production WSGI server instead.[0m
 * Running on all addresses (0.0.0.0)
 * Running on http://127.0.0.1:900
 * Running on http://192.168.0.21:900
INFO:werkzeug:[33mPress CTRL+C to quit[0m
INFO:root:   --- Conection Database ---
INFO:root:  -> Opteniendo tiempo de ultima ejecucion
INFO:root:  -> Fecha en BD: 2023-11-08 17:15:57
INFO:root:  -> Valor en BD: [{'DATE_END': '2023-11-08 17:15:57', 'VAL': 'u7K52/BftuISvygDRuN/0ry1tUBKhkoVTve6qBXUqXa0NqN0Sx42e+6cvSj26K3rDZH7Kk1j4KV8fF6QurEC1vg7donflo5W2UARnXdq64ucwPk6OqZ7tv/wCyOT', 'NAME': 'AWSALB', 'GROUP': 'jira.globaldevtools.bbva.com'}, {'DATE_END': '2023-11-08 17:15:57', 'VAL': 'u7K52/BftuISvygDRuN/0ry1tUBKhkoVTve6qBXUqXa0NqN0Sx42e+6cvSj26K3rDZH7Kk1j4KV8fF6QurEC1vg7donflo5W2UARnXdq64ucwPk6OqZ7tv/wCyOT', 'NAME': 'AWSALBCORS', 'GROUP': 'jira.globaldevtools.bbva.com'}, {'DATE_END': '0001-01-01 00:00:00', 'VAL': '05D33014E12D1805F9EF80DE9C349DF5', 'NAME': 'JSESSIONID', 'GROUP': 'jira.globaldevtools.bbva.com'}, {'DATE_END': '0001-01-01 00:00:00', 'VAL': 'BHE0-C1TY-6K7D-41XG_aab443e404af41b7316bfc8b2b8db61f8b7966e7_lin', 'NAME': 'atlassian.xsrf.token', 'GROUP': 'jira.globaldevtools.bbva.com'}]
INFO:root:  -> Evaluando tiempo
INFO:root:  -> Tiempo en BD:    2023-11-08 17:15:57
INFO:root:  -> Tiempo en local: 2023-11-10 09:27:39.573150
INFO:root:  -> Fuera de tiempo
INFO:root:   --- Conection Selenium ---
INFO:root:  -> Cargta driver y opciones de selenium
INFO:root:  -> Conexion remota de selenium
INFO:root:  -> Conexion a selenio iniciada
INFO:root:  -> Cargando Login 
INFO:root:  -> Login BBVA
INFO:root:  -> Validacion de Cuenta
INFO:root:  -> Click en recibir clave de correo
INFO:root:   --- Conection Correo ---
INFO:root:  -> Accediendo via IMAP al correo: luisfernando.diaz.devos@bbva.com
INFO:root:  -> Login Completado: luisfernando.diaz.devos@bbva.com
INFO:root:  ->    Subject:BBVA
INFO:root:  ->    From:Acceso Corporativo BBVA <nauthilus-bot@bbva.com>
INFO:root:  ->     Body: Su codigo de verificacion de BBVA es 808610
INFO:root:  ->     Codigo: 808610
INFO:root:   --- Conection Selenium ---
INFO:root:  -> Click para confirmar cuenta
INFO:root:  -> Obtener Cookies
ERROR:__name__:Exception on /jira [GET]
Traceback (most recent call last):
  File "D:\06_Proyectos\lra.batch\src\jira.py", line 172, in ejecucion
    cokies= driver.get_cookies()
            ^^^^^^^^^^^^^^^^^^^^
  File "C:\Users\katar\AppData\Local\Programs\Python\Python311\Lib\site-packages\selenium\webdriver\remote\webdriver.py", line 581, in get_cookies
    return self.execute(Command.GET_ALL_COOKIES)["value"]
           ^^^^^^^^^^^^^^^^^^^^^^^^^^^^^^^^^^^^^
  File "C:\Users\katar\AppData\Local\Programs\Python\Python311\Lib\site-packages\selenium\webdriver\remote\webdriver.py", line 346, in execute
    self.error_handler.check_response(response)
  File "C:\Users\katar\AppData\Local\Programs\Python\Python311\Lib\site-packages\selenium\webdriver\remote\errorhandler.py", line 245, in check_response
    raise exception_class(message, screen, stacktrace)
selenium.common.exceptions.WebDriverException: Message: unknown error: session deleted because of page crash
from unknown error: cannot determine loading status
from tab crashed
  (Session info: chrome=119.0.6045.123)
Stacktrace:
#0 0x5605855b35e3 <unknown>
#1 0x560585275f0d <unknown>
#2 0x56058525dcc7 <unknown>
#3 0x56058525d464 <unknown>
#4 0x56058525c15c <unknown>
#5 0x56058525c0a9 <unknown>
#6 0x56058525a481 <unknown>
#7 0x56058525ae39 <unknown>
#8 0x56058526b8ac <unknown>
#9 0x5605852834c1 <unknown>
#10 0x56058528913b <unknown>
#11 0x56058525b5ce <unknown>
#12 0x560585283157 <unknown>
#13 0x560585306a48 <unknown>
#14 0x5605852eacc3 <unknown>
#15 0x5605852b60e4 <unknown>
#16 0x5605852b70ae <unknown>
#17 0x560585579ce1 <unknown>
#18 0x56058557db7e <unknown>
#19 0x5605855674b5 <unknown>
#20 0x56058557e7d6 <unknown>
#21 0x56058554adbf <unknown>
#22 0x5605855a1748 <unknown>
#23 0x5605855a1917 <unknown>
#24 0x5605855b2773 <unknown>
#25 0x7f9fb9b9c609 start_thread


During handling of the above exception, another exception occurred:

Traceback (most recent call last):
  File "C:\Users\katar\AppData\Local\Programs\Python\Python311\Lib\site-packages\flask\app.py", line 2190, in wsgi_app
    response = self.full_dispatch_request()
               ^^^^^^^^^^^^^^^^^^^^^^^^^^^^
  File "C:\Users\katar\AppData\Local\Programs\Python\Python311\Lib\site-packages\flask\app.py", line 1486, in full_dispatch_request
    rv = self.handle_user_exception(e)
         ^^^^^^^^^^^^^^^^^^^^^^^^^^^^^
  File "C:\Users\katar\AppData\Local\Programs\Python\Python311\Lib\site-packages\flask\app.py", line 1484, in full_dispatch_request
    rv = self.dispatch_request()
         ^^^^^^^^^^^^^^^^^^^^^^^
  File "C:\Users\katar\AppData\Local\Programs\Python\Python311\Lib\site-packages\flask\app.py", line 1469, in dispatch_request
    return self.ensure_sync(self.view_functions[rule.endpoint])(**view_args)
           ^^^^^^^^^^^^^^^^^^^^^^^^^^^^^^^^^^^^^^^^^^^^^^^^^^^^^^^^^^^^^^^^^
  File "D:\06_Proyectos\lra.batch\main.py", line 52, in enpointjira
    resultado=Jira()
              ^^^^^^
  File "D:\06_Proyectos\lra.batch\src\jira.py", line 252, in Jira
    return value if accion else ejecucion(local)
                                ^^^^^^^^^^^^^^^^
  File "D:\06_Proyectos\lra.batch\src\jira.py", line 200, in ejecucion
    driver.close()
  File "C:\Users\katar\AppData\Local\Programs\Python\Python311\Lib\site-packages\selenium\webdriver\remote\webdriver.py", line 457, in close
    self.execute(Command.CLOSE)
  File "C:\Users\katar\AppData\Local\Programs\Python\Python311\Lib\site-packages\selenium\webdriver\remote\webdriver.py", line 346, in execute
    self.error_handler.check_response(response)
  File "C:\Users\katar\AppData\Local\Programs\Python\Python311\Lib\site-packages\selenium\webdriver\remote\errorhandler.py", line 245, in check_response
    raise exception_class(message, screen, stacktrace)
selenium.common.exceptions.InvalidSessionIdException: Message: invalid session id
Stacktrace:
#0 0x5605855b35e3 <unknown>
#1 0x560585275f0d <unknown>
#2 0x5605852b5fc5 <unknown>
#3 0x5605852b70ae <unknown>
#4 0x560585579ce1 <unknown>
#5 0x56058557db7e <unknown>
#6 0x5605855674b5 <unknown>
#7 0x56058557e7d6 <unknown>
#8 0x56058554adbf <unknown>
#9 0x5605855a1748 <unknown>
#10 0x5605855a1917 <unknown>
#11 0x5605855b2773 <unknown>
#12 0x7f9fb9b9c609 start_thread

INFO:werkzeug:127.0.0.1 - - [10/Nov/2023 09:28:11] "[35m[1mGET /jira HTTP/1.1[0m" 500 -
INFO:root:   --- Conection Database ---
INFO:root:  -> Opteniendo tiempo de ultima ejecucion
INFO:root:  -> Fecha en BD: 2023-11-08 17:15:57
INFO:root:  -> Valor en BD: [{'DATE_END': '2023-11-08 17:15:57', 'VAL': 'u7K52/BftuISvygDRuN/0ry1tUBKhkoVTve6qBXUqXa0NqN0Sx42e+6cvSj26K3rDZH7Kk1j4KV8fF6QurEC1vg7donflo5W2UARnXdq64ucwPk6OqZ7tv/wCyOT', 'NAME': 'AWSALB', 'GROUP': 'jira.globaldevtools.bbva.com'}, {'DATE_END': '2023-11-08 17:15:57', 'VAL': 'u7K52/BftuISvygDRuN/0ry1tUBKhkoVTve6qBXUqXa0NqN0Sx42e+6cvSj26K3rDZH7Kk1j4KV8fF6QurEC1vg7donflo5W2UARnXdq64ucwPk6OqZ7tv/wCyOT', 'NAME': 'AWSALBCORS', 'GROUP': 'jira.globaldevtools.bbva.com'}, {'DATE_END': '0001-01-01 00:00:00', 'VAL': '05D33014E12D1805F9EF80DE9C349DF5', 'NAME': 'JSESSIONID', 'GROUP': 'jira.globaldevtools.bbva.com'}, {'DATE_END': '0001-01-01 00:00:00', 'VAL': 'BHE0-C1TY-6K7D-41XG_aab443e404af41b7316bfc8b2b8db61f8b7966e7_lin', 'NAME': 'atlassian.xsrf.token', 'GROUP': 'jira.globaldevtools.bbva.com'}]
INFO:root:  -> Evaluando tiempo
INFO:root:  -> Tiempo en BD:    2023-11-08 17:15:57
INFO:root:  -> Tiempo en local: 2023-11-10 09:28:31.268318
INFO:root:  -> Fuera de tiempo
INFO:root:   --- Conection Selenium ---
INFO:root:  -> Cargta driver y opciones de selenium
INFO:root:  -> Conexion remota de selenium
INFO:root:  -> Conexion a selenio iniciada
INFO:root:  -> Cargando Login 
INFO:root:  -> Login BBVA
INFO:root:  -> Validacion de Cuenta
INFO:root:  -> Click en recibir clave de correo
INFO:root:   --- Conection Correo ---
INFO:root:  -> Accediendo via IMAP al correo: luisfernando.diaz.devos@bbva.com
INFO:root:  -> Login Completado: luisfernando.diaz.devos@bbva.com
INFO:root:  ->    Subject:BBVA
INFO:root:  ->    From:Acceso Corporativo BBVA <nauthilus-bot@bbva.com>
INFO:root:  ->     Body: Su codigo de verificacion de BBVA es 627912
INFO:root:  ->     Codigo: 627912
INFO:root:   --- Conection Selenium ---
INFO:root:  -> Click para confirmar cuenta
INFO:root:  -> Obtener Cookies
INFO:root:  -> Valor a domain jira.globaldevtools.bbva.com
INFO:root:  -> Valor a name   AWSALBCORS
INFO:root:  -> Valor a value  QMiRAgZIuX5rMUX3KOzXzSFup/Uy4ekgWQqqMMsokKdUcoPYajKerPjgI5gDRs7ZBfPZq90uCbm7bG8NvYAqZZlIjsWMVv9hf38f5InnJOyXQ/m3JCucIjUguRUL
INFO:root:  -> Valor a fecha  2023-11-17 14:29:04
INFO:root:   --- Conection Database ---
INFO:root:  -> Actualizando Cookies 
INFO:root:  -> Variables de Python insertadas con exito en la tabla Jira de ejecuciones
INFO:root:  -> Valor a domain jira.globaldevtools.bbva.com
INFO:root:  -> Valor a name   AWSALB
INFO:root:  -> Valor a value  QMiRAgZIuX5rMUX3KOzXzSFup/Uy4ekgWQqqMMsokKdUcoPYajKerPjgI5gDRs7ZBfPZq90uCbm7bG8NvYAqZZlIjsWMVv9hf38f5InnJOyXQ/m3JCucIjUguRUL
INFO:root:  -> Valor a fecha  2023-11-17 14:29:04
INFO:root:   --- Conection Database ---
INFO:root:  -> Actualizando Cookies 
INFO:root:  -> Variables de Python insertadas con exito en la tabla Jira de ejecuciones
INFO:root:  -> Valor a domain jira.globaldevtools.bbva.com
INFO:root:  -> Valor a name   session-data-04dfbafe-e2df-4b4a-97bb-7f05035e2e81
INFO:root:  -> Valor a value  
INFO:root:  -> Valor a fecha  2023-11-10 14:33:32
INFO:root:   --- Conection Database ---
INFO:root:  -> Valor a domain jira.globaldevtools.bbva.com
INFO:root:  -> Valor a name   atlassian.xsrf.token
INFO:root:  -> Valor a value  BHE0-C1TY-6K7D-41XG_98115b17ba4e73440204b71fe6ec37dbc0f58a7f_lin
INFO:root:  -> Valor a fecha !0001-01-01 00:00:00
INFO:root:   --- Conection Database ---
INFO:root:  -> Actualizando Cookies 
INFO:root:  -> Variables de Python insertadas con exito en la tabla Jira de ejecuciones
INFO:root:  -> Valor a domain jira.globaldevtools.bbva.com
INFO:root:  -> Valor a name   JSESSIONID
INFO:root:  -> Valor a value  64B7058FC064BE606AD41B28A695855F
INFO:root:  -> Valor a fecha !0001-01-01 00:00:00
INFO:root:   --- Conection Database ---
INFO:root:  -> Actualizando Cookies 
INFO:root:  -> Variables de Python insertadas con exito en la tabla Jira de ejecuciones
INFO:root:  -> Finaliza Correctamente
INFO:root:   --- Conection Database ---
INFO:root:  -> Opteniendo tiempo de ultima ejecucion
INFO:root:  -> Fecha en BD: 2023-11-17 14:29:04
INFO:root:  -> Valor en BD: [{'DATE_END': '2023-11-17 14:29:04', 'VAL': 'QMiRAgZIuX5rMUX3KOzXzSFup/Uy4ekgWQqqMMsokKdUcoPYajKerPjgI5gDRs7ZBfPZq90uCbm7bG8NvYAqZZlIjsWMVv9hf38f5InnJOyXQ/m3JCucIjUguRUL', 'NAME': 'AWSALB', 'GROUP': 'jira.globaldevtools.bbva.com'}, {'DATE_END': '2023-11-17 14:29:04', 'VAL': 'QMiRAgZIuX5rMUX3KOzXzSFup/Uy4ekgWQqqMMsokKdUcoPYajKerPjgI5gDRs7ZBfPZq90uCbm7bG8NvYAqZZlIjsWMVv9hf38f5InnJOyXQ/m3JCucIjUguRUL', 'NAME': 'AWSALBCORS', 'GROUP': 'jira.globaldevtools.bbva.com'}, {'DATE_END': '0001-01-01 00:00:00', 'VAL': '64B7058FC064BE606AD41B28A695855F', 'NAME': 'JSESSIONID', 'GROUP': 'jira.globaldevtools.bbva.com'}, {'DATE_END': '0001-01-01 00:00:00', 'VAL': 'BHE0-C1TY-6K7D-41XG_98115b17ba4e73440204b71fe6ec37dbc0f58a7f_lin', 'NAME': 'atlassian.xsrf.token', 'GROUP': 'jira.globaldevtools.bbva.com'}]
INFO:root:  -> Finaliza
INFO:werkzeug:127.0.0.1 - - [10/Nov/2023 09:29:05] "GET /jira HTTP/1.1" 200 -
INFO:root:   --- Conection Database ---
INFO:root:  -> Opteniendo tiempo de ultima ejecucion
INFO:root:  -> Fecha en BD: 2023-11-17 14:29:04
INFO:root:  -> Valor en BD: [{'DATE_END': '2023-11-17 14:29:04', 'VAL': 'QMiRAgZIuX5rMUX3KOzXzSFup/Uy4ekgWQqqMMsokKdUcoPYajKerPjgI5gDRs7ZBfPZq90uCbm7bG8NvYAqZZlIjsWMVv9hf38f5InnJOyXQ/m3JCucIjUguRUL', 'NAME': 'AWSALB', 'GROUP': 'jira.globaldevtools.bbva.com'}, {'DATE_END': '2023-11-17 14:29:04', 'VAL': 'QMiRAgZIuX5rMUX3KOzXzSFup/Uy4ekgWQqqMMsokKdUcoPYajKerPjgI5gDRs7ZBfPZq90uCbm7bG8NvYAqZZlIjsWMVv9hf38f5InnJOyXQ/m3JCucIjUguRUL', 'NAME': 'AWSALBCORS', 'GROUP': 'jira.globaldevtools.bbva.com'}, {'DATE_END': '0001-01-01 00:00:00', 'VAL': '64B7058FC064BE606AD41B28A695855F', 'NAME': 'JSESSIONID', 'GROUP': 'jira.globaldevtools.bbva.com'}, {'DATE_END': '0001-01-01 00:00:00', 'VAL': 'BHE0-C1TY-6K7D-41XG_98115b17ba4e73440204b71fe6ec37dbc0f58a7f_lin', 'NAME': 'atlassian.xsrf.token', 'GROUP': 'jira.globaldevtools.bbva.com'}]
INFO:root:  -> Evaluando tiempo
INFO:root:  -> Tiempo en BD:    2023-11-17 14:29:04
INFO:root:  -> Tiempo en local: 2023-11-10 09:29:18.007160
INFO:root:  -> Aun en tiempo
INFO:werkzeug:127.0.0.1 - - [10/Nov/2023 09:29:18] "GET /jira HTTP/1.1" 200 -
INFO:root:   --- Conection Database ---
INFO:root:  -> Opteniendo tiempo de ultima ejecucion
INFO:root:  -> Fecha en BD: 2023-11-17 14:29:04
INFO:root:  -> Valor en BD: [{'DATE_END': '2023-11-17 14:29:04', 'VAL': 'QMiRAgZIuX5rMUX3KOzXzSFup/Uy4ekgWQqqMMsokKdUcoPYajKerPjgI5gDRs7ZBfPZq90uCbm7bG8NvYAqZZlIjsWMVv9hf38f5InnJOyXQ/m3JCucIjUguRUL', 'NAME': 'AWSALB', 'GROUP': 'jira.globaldevtools.bbva.com'}, {'DATE_END': '2023-11-17 14:29:04', 'VAL': 'QMiRAgZIuX5rMUX3KOzXzSFup/Uy4ekgWQqqMMsokKdUcoPYajKerPjgI5gDRs7ZBfPZq90uCbm7bG8NvYAqZZlIjsWMVv9hf38f5InnJOyXQ/m3JCucIjUguRUL', 'NAME': 'AWSALBCORS', 'GROUP': 'jira.globaldevtools.bbva.com'}, {'DATE_END': '0001-01-01 00:00:00', 'VAL': '64B7058FC064BE606AD41B28A695855F', 'NAME': 'JSESSIONID', 'GROUP': 'jira.globaldevtools.bbva.com'}, {'DATE_END': '0001-01-01 00:00:00', 'VAL': 'BHE0-C1TY-6K7D-41XG_98115b17ba4e73440204b71fe6ec37dbc0f58a7f_lin', 'NAME': 'atlassian.xsrf.token', 'GROUP': 'jira.globaldevtools.bbva.com'}]
INFO:root:  -> Evaluando tiempo
INFO:root:  -> Tiempo en BD:    2023-11-17 14:29:04
INFO:root:  -> Tiempo en local: 2023-11-10 09:29:20.819089
INFO:root:  -> Aun en tiempo
INFO:werkzeug:127.0.0.1 - - [10/Nov/2023 09:29:20] "GET /jira HTTP/1.1" 200 -
INFO:root:   --- Conection Database ---
INFO:root:  -> Opteniendo tiempo de ultima ejecucion
INFO:root:  -> Fecha en BD: 2023-11-17 14:29:04
INFO:root:  -> Valor en BD: [{'DATE_END': '2023-11-17 14:29:04', 'VAL': 'QMiRAgZIuX5rMUX3KOzXzSFup/Uy4ekgWQqqMMsokKdUcoPYajKerPjgI5gDRs7ZBfPZq90uCbm7bG8NvYAqZZlIjsWMVv9hf38f5InnJOyXQ/m3JCucIjUguRUL', 'NAME': 'AWSALB', 'GROUP': 'jira.globaldevtools.bbva.com'}, {'DATE_END': '2023-11-17 14:29:04', 'VAL': 'QMiRAgZIuX5rMUX3KOzXzSFup/Uy4ekgWQqqMMsokKdUcoPYajKerPjgI5gDRs7ZBfPZq90uCbm7bG8NvYAqZZlIjsWMVv9hf38f5InnJOyXQ/m3JCucIjUguRUL', 'NAME': 'AWSALBCORS', 'GROUP': 'jira.globaldevtools.bbva.com'}, {'DATE_END': '0001-01-01 00:00:00', 'VAL': '64B7058FC064BE606AD41B28A695855F', 'NAME': 'JSESSIONID', 'GROUP': 'jira.globaldevtools.bbva.com'}, {'DATE_END': '0001-01-01 00:00:00', 'VAL': 'BHE0-C1TY-6K7D-41XG_98115b17ba4e73440204b71fe6ec37dbc0f58a7f_lin', 'NAME': 'atlassian.xsrf.token', 'GROUP': 'jira.globaldevtools.bbva.com'}]
INFO:root:  -> Evaluando tiempo
INFO:root:  -> Tiempo en BD:    2023-11-17 14:29:04
INFO:root:  -> Tiempo en local: 2023-11-10 09:29:21.687063
INFO:root:  -> Aun en tiempo
INFO:werkzeug:127.0.0.1 - - [10/Nov/2023 09:29:21] "GET /jira HTTP/1.1" 200 -
INFO:root:--- Inicio Atenea ---
INFO:root:  -> Run Selenium IDE
INFO:root:  -> Cargta driver y opciones de selenium
INFO:root:  -> Conexion local
INFO:WDM:====== WebDriver manager ======
INFO:WDM:Get LATEST chromedriver version for google-chrome
INFO:WDM:Get LATEST chromedriver version for google-chrome
INFO:WDM:Get LATEST chromedriver version for google-chrome
INFO:WDM:WebDriver version 119.0.6045.105 selected
INFO:WDM:Modern chrome version https://edgedl.me.gvt1.com/edgedl/chrome/chrome-for-testing/119.0.6045.105/win32/chromedriver-win32.zip
INFO:WDM:About to download new driver from https://edgedl.me.gvt1.com/edgedl/chrome/chrome-for-testing/119.0.6045.105/win32/chromedriver-win32.zip
INFO:WDM:Driver downloading response is 200
INFO:WDM:Get LATEST chromedriver version for google-chrome
INFO:WDM:Driver has been saved in cache [C:\Users\katar\.wdm\drivers\chromedriver\win64\119.0.6045.105]
INFO:root:  -> Calculo de fechas 
INFO:root:  -> Consulta de fechas en BD
INFO:root:   ---Conection Database---
INFO:root:  ->   Fecha From:             2023-11-03
INFO:root:  ->   Fecha to:               2023-11-09
INFO:root:  ->   Number days pendientes: 6
INFO:root:  -> Solicitando pagina de login
INFO:root:  -> Inicia pantalla de correo
INFO:root:  -> Click en recibir clave de correo
INFO:root:   --- Conection Correo ---
INFO:root:  -> Accediendo via IMAP al correo: luisfernando.diaz.devos@bbva.com
INFO:root:  -> Login Completado: luisfernando.diaz.devos@bbva.com
INFO:root:  ->    Subject:BBVA
INFO:root:  ->    From:Acceso Corporativo BBVA <nauthilus-bot@bbva.com>
INFO:root:  ->     Body: Su codigo de verificacion de BBVA es 763049
INFO:root:  ->     Codigo: 763049
INFO:root:  -> Click para validar con el codigo: 763049
ERROR:__name__:Exception on /atenea [GET]
Traceback (most recent call last):
  File "C:\Users\katar\AppData\Local\Programs\Python\Python311\Lib\site-packages\flask\app.py", line 2190, in wsgi_app
    response = self.full_dispatch_request()
               ^^^^^^^^^^^^^^^^^^^^^^^^^^^^
  File "C:\Users\katar\AppData\Local\Programs\Python\Python311\Lib\site-packages\flask\app.py", line 1486, in full_dispatch_request
    rv = self.handle_user_exception(e)
         ^^^^^^^^^^^^^^^^^^^^^^^^^^^^^
  File "C:\Users\katar\AppData\Local\Programs\Python\Python311\Lib\site-packages\flask\app.py", line 1484, in full_dispatch_request
    rv = self.dispatch_request()
         ^^^^^^^^^^^^^^^^^^^^^^^
  File "C:\Users\katar\AppData\Local\Programs\Python\Python311\Lib\site-packages\flask\app.py", line 1469, in dispatch_request
    return self.ensure_sync(self.view_functions[rule.endpoint])(**view_args)
           ^^^^^^^^^^^^^^^^^^^^^^^^^^^^^^^^^^^^^^^^^^^^^^^^^^^^^^^^^^^^^^^^^
  File "D:\06_Proyectos\lra.batch\main.py", line 62, in enpointatenea
    resultado= Atenea()
               ^^^^^^^^
  File "D:\06_Proyectos\lra.batch\src\atenea.py", line 258, in Atenea
    json_data = ejecucion(local)
                ^^^^^^^^^^^^^^^^
  File "D:\06_Proyectos\lra.batch\src\atenea.py", line 157, in ejecucion
    mybtn.click()
  File "C:\Users\katar\AppData\Local\Programs\Python\Python311\Lib\site-packages\selenium\webdriver\remote\webelement.py", line 94, in click
    self._execute(Command.CLICK_ELEMENT)
  File "C:\Users\katar\AppData\Local\Programs\Python\Python311\Lib\site-packages\selenium\webdriver\remote\webelement.py", line 395, in _execute
    return self._parent.execute(command, params)
           ^^^^^^^^^^^^^^^^^^^^^^^^^^^^^^^^^^^^^
  File "C:\Users\katar\AppData\Local\Programs\Python\Python311\Lib\site-packages\selenium\webdriver\remote\webdriver.py", line 346, in execute
    self.error_handler.check_response(response)
  File "C:\Users\katar\AppData\Local\Programs\Python\Python311\Lib\site-packages\selenium\webdriver\remote\errorhandler.py", line 245, in check_response
    raise exception_class(message, screen, stacktrace)
selenium.common.exceptions.ElementNotInteractableException: Message: element not interactable
  (Session info: chrome=119.0.6045.107)
Stacktrace:
	GetHandleVerifier [0x00E472A3+45731]
	(No symbol) [0x00DD2D51]
	(No symbol) [0x00CC86D0]
	(No symbol) [0x00CFCAC4]
	(No symbol) [0x00CF4FC0]
	(No symbol) [0x00D17FDC]
	(No symbol) [0x00CF4A4E]
	(No symbol) [0x00D18254]
	(No symbol) [0x00D2B7A2]
	(No symbol) [0x00D17DD6]
	(No symbol) [0x00CF31F6]
	(No symbol) [0x00CF439D]
	GetHandleVerifier [0x01150716+3229462]
	GetHandleVerifier [0x011984C8+3523784]
	GetHandleVerifier [0x0119214C+3498316]
	GetHandleVerifier [0x00ED1680+611968]
	(No symbol) [0x00DDCCCC]
	(No symbol) [0x00DD8DF8]
	(No symbol) [0x00DD8F1D]
	(No symbol) [0x00DCB2C7]
	BaseThreadInitThunk [0x760F7BA9+25]
	RtlInitializeExceptionChain [0x773DBC5B+107]
	RtlClearBits [0x773DBBDF+191]

INFO:werkzeug:127.0.0.1 - - [10/Nov/2023 09:30:08] "[35m[1mGET /atenea HTTP/1.1[0m" 500 -
INFO:root:--- Inicio Atenea ---
INFO:root:  -> Run Selenium IDE
INFO:root:  -> Cargta driver y opciones de selenium
INFO:root:  -> Conexion local
INFO:WDM:====== WebDriver manager ======
INFO:WDM:Get LATEST chromedriver version for google-chrome
INFO:WDM:Get LATEST chromedriver version for google-chrome
INFO:WDM:Driver [C:\Users\katar\.wdm\drivers\chromedriver\win64\119.0.6045.105\chromedriver-win32/chromedriver.exe] found in cache
INFO:root:  -> Calculo de fechas 
INFO:root:  -> Consulta de fechas en BD
INFO:root:   ---Conection Database---
INFO:root:  ->   Fecha From:             2023-11-03
INFO:root:  ->   Fecha to:               2023-11-09
INFO:root:  ->   Number days pendientes: 6
INFO:root:  -> Solicitando pagina de login
INFO:root:  -> Inicia pantalla de correo
INFO:root:  -> Click en recibir clave de correo
INFO:root:   --- Conection Correo ---
INFO:root:  -> Accediendo via IMAP al correo: luisfernando.diaz.devos@bbva.com
INFO:root:  -> Login Completado: luisfernando.diaz.devos@bbva.com
INFO:root:  ->    Subject:BBVA
INFO:root:  ->    From:Acceso Corporativo BBVA <nauthilus-bot@bbva.com>
INFO:root:  ->     Body: Su codigo de verificacion de BBVA es 462016
INFO:root:  ->     Codigo: 462016
INFO:root:  -> Click para validar con el codigo: 462016
INFO:root:  -> MENU de metricas
INFO:root:  -> MENU de metricas
INFO:root:  -> MENU Funcional Metrics
INFO:root:  -> MENU de date range, dia anterior
INFO:root:  -> Asignando los datos de la consulta
INFO:root:  -> Fecha: 2023-11-03 Ejecuciones: 49.350.319
INFO:root:   ---Conection Database---
ERROR:__name__:Exception on /atenea [GET]
Traceback (most recent call last):
  File "C:\Users\katar\AppData\Local\Programs\Python\Python311\Lib\site-packages\mysql\connector\connection_cext.py", line 611, in cmd_query
    self._cmysql.query(
_mysql_connector.MySQLInterfaceError: Data truncated for column 'exec_number' at row 1

The above exception was the direct cause of the following exception:

Traceback (most recent call last):
  File "C:\Users\katar\AppData\Local\Programs\Python\Python311\Lib\site-packages\flask\app.py", line 2190, in wsgi_app
    response = self.full_dispatch_request()
               ^^^^^^^^^^^^^^^^^^^^^^^^^^^^
  File "C:\Users\katar\AppData\Local\Programs\Python\Python311\Lib\site-packages\flask\app.py", line 1486, in full_dispatch_request
    rv = self.handle_user_exception(e)
         ^^^^^^^^^^^^^^^^^^^^^^^^^^^^^
  File "C:\Users\katar\AppData\Local\Programs\Python\Python311\Lib\site-packages\flask\app.py", line 1484, in full_dispatch_request
    rv = self.dispatch_request()
         ^^^^^^^^^^^^^^^^^^^^^^^
  File "C:\Users\katar\AppData\Local\Programs\Python\Python311\Lib\site-packages\flask\app.py", line 1469, in dispatch_request
    return self.ensure_sync(self.view_functions[rule.endpoint])(**view_args)
           ^^^^^^^^^^^^^^^^^^^^^^^^^^^^^^^^^^^^^^^^^^^^^^^^^^^^^^^^^^^^^^^^^
  File "D:\06_Proyectos\lra.batch\main.py", line 62, in enpointatenea
    resultado= Atenea()
               ^^^^^^^^
  File "D:\06_Proyectos\lra.batch\src\atenea.py", line 258, in Atenea
    json_data = ejecucion(local)
                ^^^^^^^^^^^^^^^^
  File "D:\06_Proyectos\lra.batch\src\atenea.py", line 220, in ejecucion
    executionSql(datefrom,valorM)
  File "D:\06_Proyectos\lra.batch\src\atenea.py", line 243, in executionSql
    cursor.execute(insert_stmt, data)
  File "C:\Users\katar\AppData\Local\Programs\Python\Python311\Lib\site-packages\mysql\connector\cursor_cext.py", line 330, in execute
    result = self._cnx.cmd_query(
             ^^^^^^^^^^^^^^^^^^^^
  File "C:\Users\katar\AppData\Local\Programs\Python\Python311\Lib\site-packages\mysql\connector\connection_cext.py", line 619, in cmd_query
    raise get_mysql_exception(
mysql.connector.errors.DatabaseError: 1265 (01000): Data truncated for column 'exec_number' at row 1
INFO:werkzeug:127.0.0.1 - - [10/Nov/2023 09:31:10] "[35m[1mGET /atenea HTTP/1.1[0m" 500 -
